Reading netlist file: "/home/abozkurt/etc/gowin/serial_template/impl/gwsynthesis/serial_template.vg"
Parsing netlist file "/home/abozkurt/etc/gowin/serial_template/impl/gwsynthesis/serial_template.vg" completed
Processing netlist completed
Reading constraint file: "/home/abozkurt/etc/gowin/serial_template/src/cs303.cst"
Physical Constraint parsed completed
Running placement......
[10%] Placement Phase 0 completed
[20%] Placement Phase 1 completed
[30%] Placement Phase 2 completed
WARN  (TA1132) :  'sys_clk' was determined to be a clock but was not created.
[50%] Placement Phase 3 completed
Running routing......
[60%] Routing Phase 0 completed
[70%] Routing Phase 1 completed
[80%] Routing Phase 2 completed
[90%] Routing Phase 3 completed
Running timing analysis......
[95%] Timing analysis completed
Placement and routing completed
Bitstream generation in progress......
Bitstream generation completed
Running power analysis......
[100%] Power analysis completed
Generate file "/home/abozkurt/etc/gowin/serial_template/impl/pnr/serial_template.power.html" completed
Generate file "/home/abozkurt/etc/gowin/serial_template/impl/pnr/serial_template.pin.html" completed
Generate file "/home/abozkurt/etc/gowin/serial_template/impl/pnr/serial_template.rpt.html" completed
Generate file "/home/abozkurt/etc/gowin/serial_template/impl/pnr/serial_template.rpt.txt" completed
Generate file "/home/abozkurt/etc/gowin/serial_template/impl/pnr/serial_template.tr.html" completed
Tue May  5 20:24:12 2026

