GowinSynthesis start
Running parser ...
Analyzing Verilog file '/home/abozkurt/etc/gowin/serial_template/src/serial_template.v'
Analyzing Verilog file '/home/abozkurt/etc/gowin/serial_template/src/uart_rx.v'
Compiling module 'serial_template'("/home/abozkurt/etc/gowin/serial_template/src/serial_template.v":1)
Extracting RAM for identifier 'hex2seven'("/home/abozkurt/etc/gowin/serial_template/src/serial_template.v":16)
Compiling module 'uart_rx'("/home/abozkurt/etc/gowin/serial_template/src/uart_rx.v":1)
WARN  (EX3779) : 'hex2seven' should be on the sensitivity list. Signal missing is added and assuming complete sensitivity list specified. RTL design and post-synthesis netlist simulations may differ as a result("/home/abozkurt/etc/gowin/serial_template/src/serial_template.v":88)
WARN  (EX3779) : 'hex2seven' should be on the sensitivity list. Signal missing is added and assuming complete sensitivity list specified. RTL design and post-synthesis netlist simulations may differ as a result("/home/abozkurt/etc/gowin/serial_template/src/serial_template.v":89)
WARN  (EX3779) : 'hex2seven' should be on the sensitivity list. Signal missing is added and assuming complete sensitivity list specified. RTL design and post-synthesis netlist simulations may differ as a result("/home/abozkurt/etc/gowin/serial_template/src/serial_template.v":90)
WARN  (EX3779) : 'hex2seven' should be on the sensitivity list. Signal missing is added and assuming complete sensitivity list specified. RTL design and post-synthesis netlist simulations may differ as a result("/home/abozkurt/etc/gowin/serial_template/src/serial_template.v":91)
NOTE  (EX0101) : Current top module is "serial_template"
[5%] Running netlist conversion ...
WARN  (CV0016) : Input sw is unused("/home/abozkurt/etc/gowin/serial_template/src/serial_template.v":5)
WARN  (CV0016) : Input btn is unused("/home/abozkurt/etc/gowin/serial_template/src/serial_template.v":6)
Running device independent optimization ...
[10%] Optimizing Phase 0 completed
[15%] Optimizing Phase 1 completed
[25%] Optimizing Phase 2 completed
Running inference ...
[30%] Inferring Phase 0 completed
[40%] Inferring Phase 1 completed
[50%] Inferring Phase 2 completed
[55%] Inferring Phase 3 completed
Running technical mapping ...
[60%] Tech-Mapping Phase 0 completed
[65%] Tech-Mapping Phase 1 completed
[75%] Tech-Mapping Phase 2 completed
[80%] Tech-Mapping Phase 3 completed
[90%] Tech-Mapping Phase 4 completed
[95%] Generate netlist file "/home/abozkurt/etc/gowin/serial_template/impl/gwsynthesis/serial_template.vg" completed
[100%] Generate report file "/home/abozkurt/etc/gowin/serial_template/impl/gwsynthesis/serial_template_syn.rpt.html" completed
GowinSynthesis finish
